<?xml version="1.0" encoding="UTF-8"?>
<!-- Generated by org.testng.reporters.JUnitReportReporter -->
<testsuite skipped="0" hostname="5CG94406YL" name="seleniumsamplepgms.randomvalue" tests="1" failures="0" timestamp="7 Dec 2021 21:06:18 GMT" time="8.752" errors="0">
  <testcase name="randomsel" time="8.752" classname="seleniumsamplepgms.randomvalue"/>
</testsuite> <!-- seleniumsamplepgms.randomvalue -->
