<?xml version="1.0" encoding="UTF-8"?>
<!-- Generated by org.testng.reporters.JUnitReportReporter -->
<testsuite skipped="0" hostname="5CG94406YL" name="seleniumsamplepgms.Paginationmethod1" tests="1" failures="0" timestamp="3 Dec 2021 21:38:26 GMT" time="18.453" errors="0">
  <testcase name="pagination1" time="18.453" classname="seleniumsamplepgms.Paginationmethod1"/>
</testsuite> <!-- seleniumsamplepgms.Paginationmethod1 -->
