<?xml version="1.0" encoding="UTF-8"?>
<!-- Generated by org.testng.reporters.JUnitReportReporter -->
<testsuite skipped="0" hostname="5CG94406YL" name="seleniumsamplepgms.Paginationmethod2" tests="1" failures="0" timestamp="7 Dec 2021 19:58:04 GMT" time="7.842" errors="0">
  <testcase name="pagination2" time="7.842" classname="seleniumsamplepgms.Paginationmethod2"/>
</testsuite> <!-- seleniumsamplepgms.Paginationmethod2 -->
